#
# A fatal error has been detected by the Java Runtime Environment:
#
#  EXCEPTION_ACCESS_VIOLATION (0xc0000005) at pc=0x000000006e567bdf, pid=4744, tid=0x0000000000003a5c
#
# JRE version: Java(TM) SE Runtime Environment (8.0_231-b11) (build 1.8.0_231-b11)
# Java VM: Java HotSpot(TM) 64-Bit Server VM (25.231-b11 mixed mode windows-amd64 compressed oops)
# Problematic frame:
# V  [jvm.dll+0x1e7bdf]
#
# Failed to write core dump. Minidumps are not enabled by default on client versions of Windows
#
# If you would like to submit a bug report, please visit:
#   http://bugreport.java.com/bugreport/crash.jsp
#

---------------  T H R E A D  ---------------

Current thread (0x0000000002e13800):  JavaThread "main" [_thread_in_vm, id=14940, stack(0x0000000002810000,0x0000000002910000)]

siginfo: ExceptionCode=0xc0000005, reading address 0x00000000ed6955cb

Registers:
RAX=0x0000000002e13800, RBX=0x0000000002e13800, RCX=0x0000000000000006, RDX=0x000000000290f1c0
RSP=0x000000000290f0e0, RBP=0x000000000290f190, RSI=0x0000000000000002, RDI=0x00000000ed6955cb
R8 =0x00000000ed6955cb, R9 =0x0000000001007d00, R10=0x0000000002f28c3b, R11=0x000000006e5acf70
R12=0x0000000000000000, R13=0x000000001bbee748, R14=0x000000000290f1c0, R15=0x0000000002e13800
RIP=0x000000006e567bdf, EFLAGS=0x0000000000010246

Top of Stack: (sp=0x000000000290f0e0)
0x000000000290f0e0:   0000000002e13800 0000000000000001
0x000000000290f0f0:   000000001bf73328 000000001bbee748
0x000000000290f100:   0000000002f1835d 0000000002f28c67
0x000000000290f110:   000000001bbee748 000000000290f190
0x000000000290f120:   0000000000000002 0000000002e13800
0x000000000290f130:   000000001bf73328 0000000002e13800
0x000000000290f140:   000000000290f240 000000001bf732cb
0x000000000290f150:   000000000290f150 0000000000000000
0x000000000290f160:   000000000290f1c0 000000001bc1c960
0x000000000290f170:   0000000000000000 000000001bbee748
0x000000000290f180:   0000000000000000 000000000290f1b0
0x000000000290f190:   000000000290f208 0000000002f17a60
0x000000000290f1a0:   0000000000000000 0000000002f221ce
0x000000000290f1b0:   00000000ed6955cb 0000000000000000
0x000000000290f1c0:   000000076b2089b0 000000000290f1c8
0x000000000290f1d0:   000000001bf732cb 000000000290f240 

Instructions: (pc=0x000000006e567bdf)
0x000000006e567bbf:   c6 05 00 c7 83 70 02 00 00 06 00 00 00 8b 0d 66
0x000000006e567bcf:   4f 5d 00 ff 15 18 b8 3f 00 c6 80 94 02 00 00 01
0x000000006e567bdf:   0f b6 2f c6 80 94 02 00 00 00 48 8b 7b 48 48 8b
0x000000006e567bef:   47 10 48 8b 77 08 48 83 38 00 74 15 48 8b 57 28 


Register to memory mapping:

RAX=0x0000000002e13800 is a thread
RBX=0x0000000002e13800 is a thread
RCX=0x0000000000000006 is an unknown value
RDX=0x000000000290f1c0 is pointing into the stack for thread: 0x0000000002e13800
RSP=0x000000000290f0e0 is pointing into the stack for thread: 0x0000000002e13800
RBP=0x000000000290f190 is pointing into the stack for thread: 0x0000000002e13800
RSI=0x0000000000000002 is an unknown value
RDI=0x00000000ed6955cb is an unknown value
R8 =0x00000000ed6955cb is an unknown value
R9 =0x0000000001007d00 is an unknown value
R10=0x0000000002f28c3b is at code_begin+891 in an Interpreter codelet
method entry point (kind = native)  [0x0000000002f288c0, 0x0000000002f29280]  2496 bytes
R11=0x000000006e5acf70 is an unknown value
R12=0x0000000000000000 is an unknown value
R13={method} {0x000000001bbee750} 'getByte' '(J)B' in 'sun/misc/Unsafe'
R14=0x000000000290f1c0 is pointing into the stack for thread: 0x0000000002e13800
R15=0x0000000002e13800 is a thread


Stack: [0x0000000002810000,0x0000000002910000],  sp=0x000000000290f0e0,  free space=1020k
Native frames: (J=compiled Java code, j=interpreted, Vv=VM code, C=native code)
V  [jvm.dll+0x1e7bdf]
C  0x0000000002f28c67

Java frames: (J=compiled Java code, j=interpreted, Vv=VM code)
j  sun.misc.Unsafe.getByte(J)B+0
j  OrderOfObjectsAfterGCMain.printBytes(JI)V+11
j  OrderOfObjectsAfterGCMain.main([Ljava/lang/String;)V+38
v  ~StubRoutines::call_stub

---------------  P R O C E S S  ---------------

Java Threads: ( => current thread )
  0x000000001d948800 JavaThread "Service Thread" daemon [_thread_blocked, id=2540, stack(0x000000001e290000,0x000000001e390000)]
  0x000000001c56d800 JavaThread "C1 CompilerThread2" daemon [_thread_blocked, id=3184, stack(0x000000001e190000,0x000000001e290000)]
  0x000000001d8d6800 JavaThread "C2 CompilerThread1" daemon [_thread_blocked, id=12652, stack(0x000000001e090000,0x000000001e190000)]
  0x000000001d8d5800 JavaThread "C2 CompilerThread0" daemon [_thread_blocked, id=6712, stack(0x000000001df90000,0x000000001e090000)]
  0x000000001d8d3000 JavaThread "Monitor Ctrl-Break" daemon [_thread_in_native, id=2920, stack(0x000000001de90000,0x000000001df90000)]
  0x000000001c522800 JavaThread "Attach Listener" daemon [_thread_blocked, id=6864, stack(0x000000001dd80000,0x000000001de80000)]
  0x000000001c534800 JavaThread "Signal Dispatcher" daemon [_thread_blocked, id=6120, stack(0x000000001dc80000,0x000000001dd80000)]
  0x0000000002f0d800 JavaThread "Finalizer" daemon [_thread_blocked, id=12880, stack(0x000000001d770000,0x000000001d870000)]
  0x000000001c4fa000 JavaThread "Reference Handler" daemon [_thread_blocked, id=19404, stack(0x000000001d670000,0x000000001d770000)]
=>0x0000000002e13800 JavaThread "main" [_thread_in_vm, id=14940, stack(0x0000000002810000,0x0000000002910000)]

Other Threads:
  0x000000001c4d7000 VMThread [stack: 0x000000001d570000,0x000000001d670000] [id=3584]
  0x000000001d97d000 WatcherThread [stack: 0x000000001e390000,0x000000001e490000] [id=12168]

VM state:not at safepoint (normal execution)

VM Mutex/Monitor currently owned by a thread: None

heap address: 0x00000006c1600000, size: 4074 MB, Compressed Oops mode: Zero based, Oop shift amount: 3
Narrow klass base: 0x0000000000000000, Narrow klass shift: 3
Compressed class space size: 1073741824 Address: 0x00000007c0000000

Heap:
 PSYoungGen      total 76288K, used 5242K [0x000000076b200000, 0x0000000770700000, 0x00000007c0000000)
  eden space 65536K, 8% used [0x000000076b200000,0x000000076b71ebf0,0x000000076f200000)
  from space 10752K, 0% used [0x000000076fc80000,0x000000076fc80000,0x0000000770700000)
  to   space 10752K, 0% used [0x000000076f200000,0x000000076f200000,0x000000076fc80000)
 ParOldGen       total 175104K, used 0K [0x00000006c1600000, 0x00000006cc100000, 0x000000076b200000)
  object space 175104K, 0% used [0x00000006c1600000,0x00000006c1600000,0x00000006cc100000)
 Metaspace       used 3256K, capacity 4500K, committed 4864K, reserved 1056768K
  class space    used 355K, capacity 388K, committed 512K, reserved 1048576K

Card table byte_map: [0x00000000122d0000,0x0000000012ad0000] byte_map_base: 0x000000000ecc5000

Marking Bits: (ParMarkBitMap*) 0x000000006eba6d90
 Begin Bits: [0x0000000013420000, 0x00000000173c8000)
 End Bits:   [0x00000000173c8000, 0x000000001b370000)

Polling page: 0x0000000000ff0000

CodeCache: size=245760Kb used=1135Kb max_used=1142Kb free=244624Kb
 bounds [0x0000000002f10000, 0x0000000003180000, 0x0000000011f10000]
 total_blobs=295 nmethods=37 adapters=172
 compilation: enabled

Compilation events (10 events):
Event: 0.341 Thread 0x000000001c56d800   32       3       java.util.concurrent.ConcurrentHashMap::tabAt (21 bytes)
Event: 0.341 Thread 0x000000001c56d800 nmethod 32 0x000000000302a850 code [0x000000000302a9a0, 0x000000000302abd0]
Event: 0.343 Thread 0x000000001c56d800   34       1       java.util.ArrayList::size (5 bytes)
Event: 0.343 Thread 0x000000001c56d800 nmethod 34 0x000000000302a590 code [0x000000000302a6e0, 0x000000000302a7f0]
Event: 0.343 Thread 0x000000001c56d800   36       3       java.lang.Math::min (11 bytes)
Event: 0.343 Thread 0x000000001c56d800 nmethod 36 0x000000000302a250 code [0x000000000302a3a0, 0x000000000302a530]
Event: 0.343 Thread 0x000000001c56d800   35       3       java.lang.String::toCharArray (25 bytes)
Event: 0.344 Thread 0x000000001c56d800 nmethod 35 0x000000000302c8d0 code [0x000000000302ca40, 0x000000000302ccc8]
Event: 0.346 Thread 0x000000001c56d800   37       1       java.nio.Buffer::position (5 bytes)
Event: 0.346 Thread 0x000000001c56d800 nmethod 37 0x0000000003029ed0 code [0x000000000302a020, 0x000000000302a130]

GC Heap History (0 events):
No events

Deoptimization events (0 events):
No events

Classes redefined (0 events):
No events

Internal exceptions (2 events):
Event: 0.091 Thread 0x0000000002e13800 Exception <a 'java/lang/NoSuchMethodError': Method sun.misc.Unsafe.defineClass(Ljava/lang/String;[BII)Ljava/lang/Class; name or signature does not match> (0x000000076b207cb8) thrown at [C:\re\workspace\8-2-build-windows-amd64-cygwin\jdk8u231\13620\hotspot
Event: 0.091 Thread 0x0000000002e13800 Exception <a 'java/lang/NoSuchMethodError': Method sun.misc.Unsafe.prefetchRead(Ljava/lang/Object;J)V name or signature does not match> (0x000000076b207fa0) thrown at [C:\re\workspace\8-2-build-windows-amd64-cygwin\jdk8u231\13620\hotspot\src\share\vm\prim

Events (10 events):
Event: 0.342 loading class java/util/HashMap$EntrySet
Event: 0.343 loading class java/util/HashMap$EntrySet done
Event: 0.343 loading class java/util/HashMap$EntryIterator
Event: 0.343 loading class java/util/HashMap$HashIterator
Event: 0.343 loading class java/util/HashMap$HashIterator done
Event: 0.343 loading class java/util/HashMap$EntryIterator done
Event: 0.343 loading class Cat
Event: 0.343 loading class Cat done
Event: 0.344 loading class Pet
Event: 0.344 loading class Pet done


Dynamic libraries:
0x00007ff7ccf50000 - 0x00007ff7ccf87000 	C:\Program Files\Java\jdk1.8.0_231\bin\java.exe
0x00007ff9f11d0000 - 0x00007ff9f13c5000 	C:\WINDOWS\SYSTEM32\ntdll.dll
0x00007ff9f0f00000 - 0x00007ff9f0fbd000 	C:\WINDOWS\System32\KERNEL32.DLL
0x00007ff9eeb60000 - 0x00007ff9eee29000 	C:\WINDOWS\System32\KERNELBASE.dll
0x00007ff9f0a40000 - 0x00007ff9f0aec000 	C:\WINDOWS\System32\ADVAPI32.dll
0x00007ff9f10f0000 - 0x00007ff9f118e000 	C:\WINDOWS\System32\msvcrt.dll
0x00007ff9f0cb0000 - 0x00007ff9f0d4b000 	C:\WINDOWS\System32\sechost.dll
0x00007ff9efe10000 - 0x00007ff9eff3a000 	C:\WINDOWS\System32\RPCRT4.dll
0x00007ff9f07f0000 - 0x00007ff9f0990000 	C:\WINDOWS\System32\USER32.dll
0x00007ff9ef200000 - 0x00007ff9ef222000 	C:\WINDOWS\System32\win32u.dll
0x00007ff9f0990000 - 0x00007ff9f09ba000 	C:\WINDOWS\System32\GDI32.dll
0x00007ff9ee900000 - 0x00007ff9eea0b000 	C:\WINDOWS\System32\gdi32full.dll
0x00007ff9eea10000 - 0x00007ff9eeaad000 	C:\WINDOWS\System32\msvcp_win.dll
0x00007ff9ef070000 - 0x00007ff9ef170000 	C:\WINDOWS\System32\ucrtbase.dll
0x00007ff9edcb0000 - 0x00007ff9edf4a000 	C:\WINDOWS\WinSxS\amd64_microsoft.windows.common-controls_6595b64144ccf1df_6.0.19041.1110_none_60b5254171f9507e\COMCTL32.dll
0x00007ff9f0e00000 - 0x00007ff9f0e30000 	C:\WINDOWS\System32\IMM32.DLL
0x000000006ec30000 - 0x000000006ed02000 	C:\Program Files\Java\jdk1.8.0_231\jre\bin\msvcr100.dll
0x000000006e380000 - 0x000000006ec26000 	C:\Program Files\Java\jdk1.8.0_231\jre\bin\server\jvm.dll
0x00007ff9ef5d0000 - 0x00007ff9ef5d8000 	C:\WINDOWS\System32\PSAPI.DLL
0x00007ff9e4240000 - 0x00007ff9e4249000 	C:\WINDOWS\SYSTEM32\WSOCK32.dll
0x00007ff9ef330000 - 0x00007ff9ef39b000 	C:\WINDOWS\System32\WS2_32.dll
0x00007ff9e0140000 - 0x00007ff9e0167000 	C:\WINDOWS\SYSTEM32\WINMM.dll
0x00007ff9e0170000 - 0x00007ff9e017a000 	C:\WINDOWS\SYSTEM32\VERSION.dll
0x00007ff9e97a0000 - 0x00007ff9e97af000 	C:\Program Files\Java\jdk1.8.0_231\jre\bin\verify.dll
0x00007ff9e9770000 - 0x00007ff9e9799000 	C:\Program Files\Java\jdk1.8.0_231\jre\bin\java.dll
0x00007ff9b6e60000 - 0x00007ff9b6e83000 	C:\Program Files\Java\jdk1.8.0_231\jre\bin\instrument.dll
0x00007ff9cd6c0000 - 0x00007ff9cd6d6000 	C:\Program Files\Java\jdk1.8.0_231\jre\bin\zip.dll
0x00007ff9ef5e0000 - 0x00007ff9efd1f000 	C:\WINDOWS\System32\SHELL32.dll
0x00007ff9ebd40000 - 0x00007ff9ec4d0000 	C:\WINDOWS\SYSTEM32\windows.storage.dll
0x00007ff9eff40000 - 0x00007ff9f0295000 	C:\WINDOWS\System32\combase.dll
0x00007ff9edc10000 - 0x00007ff9edc3c000 	C:\WINDOWS\SYSTEM32\Wldp.dll
0x00007ff9f0d50000 - 0x00007ff9f0dfe000 	C:\WINDOWS\System32\SHCORE.dll
0x00007ff9efdb0000 - 0x00007ff9efe05000 	C:\WINDOWS\System32\shlwapi.dll
0x00007ff9ee840000 - 0x00007ff9ee85f000 	C:\WINDOWS\SYSTEM32\profapi.dll
0x00007ff9cd630000 - 0x00007ff9cd64a000 	D:\IntelliJ IDEA\IntelliJ IDEA 2020.1\bin\breakgen64.dll
0x00007ff9cd5c0000 - 0x00007ff9cd5da000 	C:\Program Files\Java\jdk1.8.0_231\jre\bin\net.dll
0x00007ff9edae0000 - 0x00007ff9edb4a000 	C:\WINDOWS\system32\mswsock.dll
0x00007ff9ee220000 - 0x00007ff9ee404000 	C:\WINDOWS\SYSTEM32\dbghelp.dll
0x00007ff9eefe0000 - 0x00007ff9ef063000 	C:\WINDOWS\System32\bcryptPrimitives.dll

VM Arguments:
jvm_args: -javaagent:D:\IntelliJ IDEA\IntelliJ IDEA 2020.1\lib\idea_rt.jar=7346:D:\IntelliJ IDEA\IntelliJ IDEA 2020.1\bin -Dfile.encoding=UTF-8 
java_command: OrderOfObjectsAfterGCMain
java_class_path (initial): C:\Program Files\Java\jdk1.8.0_231\jre\lib\charsets.jar;C:\Program Files\Java\jdk1.8.0_231\jre\lib\deploy.jar;C:\Program Files\Java\jdk1.8.0_231\jre\lib\ext\access-bridge-64.jar;C:\Program Files\Java\jdk1.8.0_231\jre\lib\ext\cldrdata.jar;C:\Program Files\Java\jdk1.8.0_231\jre\lib\ext\dnsns.jar;C:\Program Files\Java\jdk1.8.0_231\jre\lib\ext\jaccess.jar;C:\Program Files\Java\jdk1.8.0_231\jre\lib\ext\jfxrt.jar;C:\Program Files\Java\jdk1.8.0_231\jre\lib\ext\localedata.jar;C:\Program Files\Java\jdk1.8.0_231\jre\lib\ext\nashorn.jar;C:\Program Files\Java\jdk1.8.0_231\jre\lib\ext\sunec.jar;C:\Program Files\Java\jdk1.8.0_231\jre\lib\ext\sunjce_provider.jar;C:\Program Files\Java\jdk1.8.0_231\jre\lib\ext\sunmscapi.jar;C:\Program Files\Java\jdk1.8.0_231\jre\lib\ext\sunpkcs11.jar;C:\Program Files\Java\jdk1.8.0_231\jre\lib\ext\zipfs.jar;C:\Program Files\Java\jdk1.8.0_231\jre\lib\javaws.jar;C:\Program Files\Java\jdk1.8.0_231\jre\lib\jce.jar;C:\Program Files\Java\jdk1.8.0_231\jre\lib\jfr.jar;C:\Program Files\Java\jdk1.8.0_231\jre\lib\jfxswt.jar;C:\Program Files\Java\jdk1.8.0_231\jre\lib\jsse.jar;C:\Program Files\Java\jdk1.8.0_231\jre\lib\management-agent.jar;C:\Program Files\Java\jdk1.8.0_231\jre\lib\plugin.jar;C:\Program Files\Java\jdk1.8.0_231\jre\lib\resources.jar;C:\Program Files\Java\jdk1.8.0_231\jre\lib\rt.jar;D:\IntelliJ IDEA\IntelliJ IDEA 2020.1\project\out\production\project;D:\IntelliJ IDEA\IntelliJ IDEA 2020.1\lib\idea_rt.jar
Launcher Type: SUN_STANDARD

Environment Variables:
JAVA_HOME=F:\project\Java\jdk1.8.0_91
CLASSPATH=.;F:\project\Java\jdk1.8.0_91\lib;F:\project\Java\jdk1.8.0_91\lib\tools.jar
PATH=D:\VS2010\VC\bin;C:\Program Files (x86)\Common Files\Oracle\Java\javapath;C:\WINDOWS\system32;D:\mysql-8.0.22-winx64\bin;F:\project\Java\jdk1.8.0_91\bin;F:\project\Java\jdk1.8.0_91\jre\bin;C:\Program Files\Java\jdk1.8.0_231;D:\maven\apache-maven-3.8.1\bin;C:\Program Files\dotnet\;C:\Program Files\Microsoft SQL Server\130\Tools\Binn\；C:\Windows\System32；C:\WINDOWS\system32;F:\project\Java\jdk1.8.0_91\bin;D:\redis\;%;ystemRoot%;C:\WINDOWS\System32\Wbem;C:\WINDOWS\system32;C:\WINDOWS\System32\WindowsPowerShell\v1.0\;C:\WINDOWS\System32\OpenSSH\;C:\Program Files (x86)\MySQL\MySQL Utilities 1.6\;D:\SVN\bin;C:\Program Files\Microsoft Windows Performance Toolkit\;D:\CYGWIN\bin;D:\Tomcat\apache-tomcat-8.5.57\bin;C:\Program Files\MySQL\MySQL Server 5.5\bin;D:\Tomcat\apache-tomcat-8.5.57\lib;D:\texlive\2020\bin\win32;D:\Git\cmd;D:\foobar2000;C:\Program Files\Python\Scripts\;C:\Program Files\Python\;C:\Users\施汶\AppData\Local\Microsoft\WindowsApps;C:\Program Files\Bandizip\;C:\WINDOWS\system32;D:\PyCharm\PyCharm 2019.2\bin;;D:\IntelliJ IDEA\IntelliJ IDEA 2019.3.2\bin;;D:\vscode\Microsoft VS Code\bin;D:\DataGrip\DataGrip 2020.1\bin;;D:\FFmpeg\bin;
USERNAME=施汶
OS=Windows_NT
PROCESSOR_IDENTIFIER=Intel64 Family 6 Model 69 Stepping 1, GenuineIntel



---------------  S Y S T E M  ---------------

OS: Windows 10.0 , 64 bit Build 19041 (10.0.19041.1151)

CPU:total 4 (initial active 4) (2 cores per cpu, 2 threads per core) family 6 model 69 stepping 1, cmov, cx8, fxsr, mmx, sse, sse2, sse3, ssse3, sse4.1, sse4.2, popcnt, avx, avx2, aes, clmul, erms, lzcnt, ht, tsc, tscinvbit, bmi1, bmi2

Memory: 4k page, physical 16679044k(7814752k free), swap 19169412k(4392400k free)

vm_info: Java HotSpot(TM) 64-Bit Server VM (25.231-b11) for windows-amd64 JRE (1.8.0_231-b11), built on Oct  5 2019 03:11:30 by "java_re" with MS VC++ 10.0 (VS2010)

time: Wed Aug 18 00:30:15 2021
timezone: 中国标准时间
elapsed time: 0 seconds (0d 0h 0m 0s)

